2020-05-08 20:56:51,522 INFO o.a.j.u.JMeterUtils: Setting Locale to en_EN
2020-05-08 20:56:51,564 INFO o.a.j.JMeter: Loading user properties from: /usr/local/Cellar/jmeter/5.1.1/libexec/bin/user.properties
2020-05-08 20:56:51,565 INFO o.a.j.JMeter: Loading system properties from: /usr/local/Cellar/jmeter/5.1.1/libexec/bin/system.properties
2020-05-08 20:56:51,572 INFO o.a.j.JMeter: Copyright (c) 1998-2019 The Apache Software Foundation
2020-05-08 20:56:51,572 INFO o.a.j.JMeter: Version 5.1.1 r1855137
2020-05-08 20:56:51,572 INFO o.a.j.JMeter: java.version=12.0.2
2020-05-08 20:56:51,572 INFO o.a.j.JMeter: java.vm.name=OpenJDK 64-Bit Server VM
2020-05-08 20:56:51,572 INFO o.a.j.JMeter: os.name=Mac OS X
2020-05-08 20:56:51,572 INFO o.a.j.JMeter: os.arch=x86_64
2020-05-08 20:56:51,572 INFO o.a.j.JMeter: os.version=10.15.3
2020-05-08 20:56:51,573 INFO o.a.j.JMeter: file.encoding=UTF-8
2020-05-08 20:56:51,573 INFO o.a.j.JMeter: java.awt.headless=null
2020-05-08 20:56:51,573 INFO o.a.j.JMeter: Max memory     =1073741824
2020-05-08 20:56:51,573 INFO o.a.j.JMeter: Available Processors =12
2020-05-08 20:56:51,587 INFO o.a.j.JMeter: Default Locale=English (EN)
2020-05-08 20:56:51,588 INFO o.a.j.JMeter: JMeter  Locale=English (EN)
2020-05-08 20:56:51,588 INFO o.a.j.JMeter: JMeterHome=/usr/local/Cellar/jmeter/5.1.1/libexec
2020-05-08 20:56:51,588 INFO o.a.j.JMeter: user.dir  =/Users/hariprasetia/Dev/Github/hariprasetia.github.io
2020-05-08 20:56:51,589 INFO o.a.j.JMeter: PWD       =/Users/hariprasetia/Dev/Github/hariprasetia.github.io
2020-05-08 20:56:51,660 INFO o.a.j.JMeter: IP: 192.168.43.121 Name: xmortalxs-MacBook-Pro.local FullName: 192.168.43.121
2020-05-08 20:57:05,593 INFO o.a.j.g.a.LookAndFeelCommand: Installing Darcula LAF
2020-05-08 20:57:05,611 INFO o.a.j.g.a.LookAndFeelCommand: Using look and feel: com.bulenkov.darcula.DarculaLaf [Darcula]
2020-05-08 20:57:05,612 INFO o.a.j.JMeter: Setting LAF to: com.bulenkov.darcula.DarculaLaf
2020-05-08 20:57:05,771 INFO o.a.j.JMeter: Loaded icon properties from org/apache/jmeter/images/icon.properties
2020-05-08 20:57:07,745 INFO k.a.j.JMeterPluginsUtils: JMeter-Plugins.org v.1.4.0
2020-05-08 20:57:08,404 WARN o.a.j.g.u.MenuFactory: Could not instantiate class: kg.apc.jmeter.reporters.LoadosophiaUploaderGui
java.lang.reflect.InvocationTargetException: null
	at jdk.internal.reflect.NativeConstructorAccessorImpl.newInstance0(Native Method) ~[?:?]
	at jdk.internal.reflect.NativeConstructorAccessorImpl.newInstance(NativeConstructorAccessorImpl.java:62) ~[?:?]
	at jdk.internal.reflect.DelegatingConstructorAccessorImpl.newInstance(DelegatingConstructorAccessorImpl.java:45) ~[?:?]
	at java.lang.reflect.Constructor.newInstanceWithCaller(Constructor.java:500) ~[?:?]
	at java.lang.reflect.Constructor.newInstance(Constructor.java:481) ~[?:?]
	at org.apache.jmeter.gui.util.MenuFactory.getGUIComponent(MenuFactory.java:174) [ApacheJMeter_core.jar:5.1.1 r1855137]
	at org.apache.jmeter.gui.util.MenuFactory.initializeMenus(MenuFactory.java:141) [ApacheJMeter_core.jar:5.1.1 r1855137]
	at org.apache.jmeter.gui.util.MenuFactory.<clinit>(MenuFactory.java:106) [ApacheJMeter_core.jar:5.1.1 r1855137]
	at org.apache.jmeter.control.gui.TestPlanGui.createPopupMenu(TestPlanGui.java:92) [ApacheJMeter_core.jar:5.1.1 r1855137]
	at org.apache.jmeter.gui.tree.JMeterTreeNode.createPopupMenu(JMeterTreeNode.java:185) [ApacheJMeter_core.jar:5.1.1 r1855137]
	at org.apache.jmeter.gui.action.EditCommand.doAction(EditCommand.java:46) [ApacheJMeter_core.jar:5.1.1 r1855137]
	at org.apache.jmeter.gui.action.ActionRouter.performAction(ActionRouter.java:88) [ApacheJMeter_core.jar:5.1.1 r1855137]
	at org.apache.jmeter.gui.action.ActionRouter.lambda$actionPerformed$0(ActionRouter.java:70) [ApacheJMeter_core.jar:5.1.1 r1855137]
	at java.awt.event.InvocationEvent.dispatch(InvocationEvent.java:313) [?:?]
	at java.awt.EventQueue.dispatchEventImpl(EventQueue.java:770) [?:?]
	at java.awt.EventQueue$4.run(EventQueue.java:721) [?:?]
	at java.awt.EventQueue$4.run(EventQueue.java:715) [?:?]
	at java.security.AccessController.doPrivileged(AccessController.java:389) [?:?]
	at java.security.ProtectionDomain$JavaSecurityAccessImpl.doIntersectionPrivilege(ProtectionDomain.java:85) [?:?]
	at java.awt.EventQueue.dispatchEvent(EventQueue.java:740) [?:?]
	at java.awt.EventDispatchThread.pumpOneEventForFilters(EventDispatchThread.java:203) [?:?]
	at java.awt.EventDispatchThread.pumpEventsForFilter(EventDispatchThread.java:124) [?:?]
	at java.awt.EventDispatchThread.pumpEventsForHierarchy(EventDispatchThread.java:113) [?:?]
	at java.awt.EventDispatchThread.pumpEvents(EventDispatchThread.java:109) [?:?]
	at java.awt.EventDispatchThread.pumpEvents(EventDispatchThread.java:101) [?:?]
	at java.awt.EventDispatchThread.run(EventDispatchThread.java:90) [?:?]
Caused by: java.lang.NoClassDefFoundError: org/apache/commons/httpclient/methods/multipart/PartSource
	at kg.apc.jmeter.reporters.LoadosophiaUploaderGui.init(LoadosophiaUploaderGui.java:114) ~[JMeterPlugins-Standard.jar:?]
	at kg.apc.jmeter.reporters.LoadosophiaUploaderGui.<init>(LoadosophiaUploaderGui.java:28) ~[JMeterPlugins-Standard.jar:?]
	... 26 more
Caused by: java.lang.ClassNotFoundException: org.apache.commons.httpclient.methods.multipart.PartSource
	at java.net.URLClassLoader.findClass(URLClassLoader.java:436) ~[?:?]
	at java.lang.ClassLoader.loadClass(ClassLoader.java:588) ~[?:?]
	at java.lang.ClassLoader.loadClass(ClassLoader.java:521) ~[?:?]
	at kg.apc.jmeter.reporters.LoadosophiaUploaderGui.init(LoadosophiaUploaderGui.java:114) ~[JMeterPlugins-Standard.jar:?]
	at kg.apc.jmeter.reporters.LoadosophiaUploaderGui.<init>(LoadosophiaUploaderGui.java:28) ~[JMeterPlugins-Standard.jar:?]
	... 26 more
2020-05-08 20:57:09,230 INFO o.a.j.p.h.s.HTTPSamplerBase: Parser for text/html is org.apache.jmeter.protocol.http.parser.LagartoBasedHtmlParser
2020-05-08 20:57:09,231 INFO o.a.j.p.h.s.HTTPSamplerBase: Parser for application/xhtml+xml is org.apache.jmeter.protocol.http.parser.LagartoBasedHtmlParser
2020-05-08 20:57:09,231 INFO o.a.j.p.h.s.HTTPSamplerBase: Parser for application/xml is org.apache.jmeter.protocol.http.parser.LagartoBasedHtmlParser
2020-05-08 20:57:09,231 INFO o.a.j.p.h.s.HTTPSamplerBase: Parser for text/xml is org.apache.jmeter.protocol.http.parser.LagartoBasedHtmlParser
2020-05-08 20:57:09,231 INFO o.a.j.p.h.s.HTTPSamplerBase: Parser for text/vnd.wap.wml is org.apache.jmeter.protocol.http.parser.RegexpHTMLParser
2020-05-08 20:57:09,231 INFO o.a.j.p.h.s.HTTPSamplerBase: Parser for text/css is org.apache.jmeter.protocol.http.parser.CssParser
2020-05-08 20:57:09,621 INFO o.a.j.e.KeyToolUtils: keytool found at 'keytool'
2020-05-08 20:57:09,622 INFO o.a.j.p.h.p.ProxyControl: HTTP(S) Test Script Recorder SSL Proxy will use keys that support embedded 3rd party resources in file /usr/local/Cellar/jmeter/5.1.1/libexec/bin/proxyserver.jks
2020-05-08 20:57:09,868 INFO o.a.j.s.FileServer: Default base='/Users/hariprasetia/Dev/Github/hariprasetia.github.io'
2020-05-08 20:57:10,246 INFO o.a.j.s.SampleResult: Note: Sample TimeStamps are START times
2020-05-08 20:57:10,246 INFO o.a.j.s.SampleResult: sampleresult.default.encoding is set to ISO-8859-1
2020-05-08 20:57:10,247 INFO o.a.j.s.SampleResult: sampleresult.useNanoTime=true
2020-05-08 20:57:10,247 INFO o.a.j.s.SampleResult: sampleresult.nanoThreadSleep=5000
2020-05-08 20:57:10,274 INFO o.a.j.v.ViewResultsFullVisualizer: Add JavaFX to your Java installation if you want to use renderer: org.apache.jmeter.visualizers.RenderInBrowser
2020-05-08 20:57:59,246 INFO o.a.j.g.a.Load: Loading file: /Users/hariprasetia/apihub.jmx
2020-05-08 20:57:59,246 INFO o.a.j.s.FileServer: Set new base='/Users/hariprasetia'
2020-05-08 20:57:59,395 INFO o.a.j.s.SaveService: Testplan (JMX) version: 2.2. Testlog (JTL) version: 2.2
2020-05-08 20:57:59,427 INFO o.a.j.s.SaveService: Using SaveService properties version 5.0
2020-05-08 20:57:59,428 INFO o.a.j.s.SaveService: Using SaveService properties file encoding UTF-8
2020-05-08 20:57:59,430 INFO o.a.j.s.SaveService: Loading file: /Users/hariprasetia/apihub.jmx
2020-05-08 20:57:59,537 INFO o.a.j.v.ViewResultsFullVisualizer: Add JavaFX to your Java installation if you want to use renderer: org.apache.jmeter.visualizers.RenderInBrowser
2020-05-08 20:57:59,571 INFO o.a.j.s.FileServer: Set new base='/Users/hariprasetia'
